Build started 06/03/2014 21:14:06.
     1>Project "C:\Users\Sura\Google Drive\Kaji-Lab\ballproject1\ballproject1.vcxproj" on node 2 (Build target(s)).
     1>ClCompile:
         C:\Program Files (x86)\Microsoft Visual Studio 12.0\VC\bin\CL.exe /c /I"C:\DxLib_VC\プロジェクトに追加すべきファイル_VC用" /Zi /nologo /W3 /WX- /sdl /O2 /Oi /Oy- /GL /D WIN32 /D NDEBUG /D _WINDOWS /D _MBCS /Gm- /EHsc /MT /GS /Gy /fp:precise /Zc:wchar_t /Zc:forScope /Fo"Release\\" /Fd"Release\vc120.pdb" /Gd /TP /analyze- /errorReport:prompt Ball.cpp Main.cpp
         Ball.cpp
     1>C:\DxLib_VC\プロジェクトに追加すべきファイル_VC用\DxLib.h(1817): warning C4010: single-line comment contains line-continuation character
     1>C:\DxLib_VC\プロジェクトに追加すべきファイル_VC用\DxLib.h(2219): warning C4010: single-line comment contains line-continuation character
         Main.cpp
     1>C:\DxLib_VC\プロジェクトに追加すべきファイル_VC用\DxLib.h(1817): warning C4010: single-line comment contains line-continuation character
     1>C:\DxLib_VC\プロジェクトに追加すべきファイル_VC用\DxLib.h(2219): warning C4010: single-line comment contains line-continuation character
     1>Main.cpp(84): warning C4244: 'initializing' : conversion from 'double' to 'const float', possible loss of data
       ResourceCompile:
         C:\Program Files (x86)\Windows Kits\8.1\bin\x86\rc.exe /l"0x0409" /nologo /fo"Release\ballproject1.res" ballproject1.rc 
       Link:
         C:\Program Files (x86)\Microsoft Visual Studio 12.0\VC\bin\link.exe /ERRORREPORT:PROMPT /OUT:"C:\Users\Sura\Google Drive\Kaji-Lab\ballproject1\Release\ballproject1.exe" /INCREMENTAL:NO /NOLOGO /LIBPATH:"C:\DxLib_VC\プロジェクトに追加すべきファイル_VC用" kernel32.lib user32.lib gdi32.lib winspool.lib comdlg32.lib advapi32.lib shell32.lib ole32.lib oleaut32.lib uuid.lib odbc32.lib odbccp32.lib /MANIFEST /MANIFESTUAC:"level='asInvoker' uiAccess='false'" /manifest:embed /DEBUG /PDB:"C:\Users\Sura\Google Drive\Kaji-Lab\ballproject1\Release\ballproject1.pdb" /SUBSYSTEM:WINDOWS /OPT:REF /OPT:ICF /LTCG /TLBID:1 /DYNAMICBASE /NXCOMPAT /IMPLIB:"C:\Users\Sura\Google Drive\Kaji-Lab\ballproject1\Release\ballproject1.lib" /MACHINE:X86 /SAFESEH:NO Release\ballproject1.res
         Release\Ball.obj
         Release\Main.obj
         Generating code
         Finished generating code
         ballproject1.vcxproj -> C:\Users\Sura\Google Drive\Kaji-Lab\ballproject1\Release\ballproject1.exe
     1>Done Building Project "C:\Users\Sura\Google Drive\Kaji-Lab\ballproject1\ballproject1.vcxproj" (Build target(s)).

Build succeeded.

Time Elapsed 00:00:05.49
